[2025-01-26T02:05:48.724+0000] {local_task_job_runner.py:123} INFO - ::group::Pre task execution logs
[2025-01-26T02:05:48.746+0000] {taskinstance.py:2613} INFO - Dependencies all met for dep_context=non-requeueable deps ti=<TaskInstance: prim_pipelines.check_duplicates scheduled__2025-01-25T00:00:00+00:00 [queued]>
[2025-01-26T02:05:48.754+0000] {taskinstance.py:2613} INFO - Dependencies all met for dep_context=requeueable deps ti=<TaskInstance: prim_pipelines.check_duplicates scheduled__2025-01-25T00:00:00+00:00 [queued]>
[2025-01-26T02:05:48.755+0000] {taskinstance.py:2866} INFO - Starting attempt 1 of 1
[2025-01-26T02:05:48.769+0000] {taskinstance.py:2889} INFO - Executing <Task(_PythonDecoratedOperator): check_duplicates> on 2025-01-25 00:00:00+00:00
[2025-01-26T02:05:48.776+0000] {warnings.py:112} WARNING - /home/***/.local/lib/python3.12/site-packages/***/task/task_runner/standard_task_runner.py:70: DeprecationWarning: This process (pid=279) is multi-threaded, use of fork() may lead to deadlocks in the child.
  pid = os.fork()

[2025-01-26T02:05:48.778+0000] {standard_task_runner.py:72} INFO - Started process 294 to run task
[2025-01-26T02:05:48.778+0000] {standard_task_runner.py:104} INFO - Running: ['***', 'tasks', 'run', 'prim_pipelines', 'check_duplicates', 'scheduled__2025-01-25T00:00:00+00:00', '--job-id', '27', '--raw', '--subdir', 'DAGS_FOLDER/dag.py', '--cfg-path', '/tmp/tmp6ayce910']
[2025-01-26T02:05:48.780+0000] {standard_task_runner.py:105} INFO - Job 27: Subtask check_duplicates
[2025-01-26T02:05:48.834+0000] {task_command.py:467} INFO - Running <TaskInstance: prim_pipelines.check_duplicates scheduled__2025-01-25T00:00:00+00:00 [running]> on host d9d6adeb4aac
[2025-01-26T02:05:48.947+0000] {taskinstance.py:3132} INFO - Exporting env vars: AIRFLOW_CTX_DAG_OWNER='***' AIRFLOW_CTX_DAG_ID='prim_pipelines' AIRFLOW_CTX_TASK_ID='check_duplicates' AIRFLOW_CTX_EXECUTION_DATE='2025-01-25T00:00:00+00:00' AIRFLOW_CTX_TRY_NUMBER='1' AIRFLOW_CTX_DAG_RUN_ID='scheduled__2025-01-25T00:00:00+00:00'
[2025-01-26T02:05:48.949+0000] {taskinstance.py:731} INFO - ::endgroup::
[2025-01-26T02:05:49.013+0000] {taskinstance.py:3311} ERROR - Task failed with exception
Traceback (most recent call last):
  File "/home/airflow/.local/lib/python3.12/site-packages/airflow/models/taskinstance.py", line 767, in _execute_task
    result = _execute_callable(context=context, **execute_callable_kwargs)
             ^^^^^^^^^^^^^^^^^^^^^^^^^^^^^^^^^^^^^^^^^^^^^^^^^^^^^^^^^^^^^
  File "/home/airflow/.local/lib/python3.12/site-packages/airflow/models/taskinstance.py", line 733, in _execute_callable
    return ExecutionCallableRunner(
           ^^^^^^^^^^^^^^^^^^^^^^^^
  File "/home/airflow/.local/lib/python3.12/site-packages/airflow/utils/operator_helpers.py", line 252, in run
    return self.func(*args, **kwargs)
           ^^^^^^^^^^^^^^^^^^^^^^^^^^
  File "/home/airflow/.local/lib/python3.12/site-packages/airflow/models/baseoperator.py", line 422, in wrapper
    return func(self, *args, **kwargs)
           ^^^^^^^^^^^^^^^^^^^^^^^^^^^
  File "/home/airflow/.local/lib/python3.12/site-packages/airflow/decorators/base.py", line 266, in execute
    return_value = super().execute(context)
                   ^^^^^^^^^^^^^^^^^^^^^^^^
  File "/home/airflow/.local/lib/python3.12/site-packages/airflow/models/baseoperator.py", line 422, in wrapper
    return func(self, *args, **kwargs)
           ^^^^^^^^^^^^^^^^^^^^^^^^^^^
  File "/home/airflow/.local/lib/python3.12/site-packages/airflow/operators/python.py", line 238, in execute
    return_value = self.execute_callable()
                   ^^^^^^^^^^^^^^^^^^^^^^^
  File "/home/airflow/.local/lib/python3.12/site-packages/airflow/operators/python.py", line 256, in execute_callable
    return runner.run(*self.op_args, **self.op_kwargs)
           ^^^^^^^^^^^^^^^^^^^^^^^^^^^^^^^^^^^^^^^^^^^
  File "/home/airflow/.local/lib/python3.12/site-packages/airflow/utils/operator_helpers.py", line 252, in run
    return self.func(*args, **kwargs)
           ^^^^^^^^^^^^^^^^^^^^^^^^^^
  File "/opt/airflow/dags/dag.py", line 61, in check_duplicates
    nb_duplicates = conn.sql("""
                    ^^^^^^^^^^^^
duckdb.duckdb.BinderException: Binder Error: Referenced column "station_code" not found in FROM clause!
Candidate bindings: "data_from_prim.stationCode", "data_from_prim.station_id", "data_from_prim.lon", "data_from_prim.rental_methods", "data_from_prim.capacity"
[2025-01-26T02:05:49.029+0000] {taskinstance.py:1225} INFO - Marking task as FAILED. dag_id=prim_pipelines, task_id=check_duplicates, run_id=scheduled__2025-01-25T00:00:00+00:00, execution_date=20250125T000000, start_date=20250126T020548, end_date=20250126T020549
[2025-01-26T02:05:49.044+0000] {taskinstance.py:340} INFO - ::group::Post task execution logs
[2025-01-26T02:05:49.045+0000] {standard_task_runner.py:124} ERROR - Failed to execute job 27 for task check_duplicates (Binder Error: Referenced column "station_code" not found in FROM clause!
Candidate bindings: "data_from_prim.stationCode", "data_from_prim.station_id", "data_from_prim.lon", "data_from_prim.rental_methods", "data_from_prim.capacity"; 294)
Traceback (most recent call last):
  File "/home/airflow/.local/lib/python3.12/site-packages/airflow/task/task_runner/standard_task_runner.py", line 117, in _start_by_fork
    ret = args.func(args, dag=self.dag)
          ^^^^^^^^^^^^^^^^^^^^^^^^^^^^^
  File "/home/airflow/.local/lib/python3.12/site-packages/airflow/cli/cli_config.py", line 49, in command
    return func(*args, **kwargs)
           ^^^^^^^^^^^^^^^^^^^^^
  File "/home/airflow/.local/lib/python3.12/site-packages/airflow/utils/cli.py", line 116, in wrapper
    return f(*args, **kwargs)
           ^^^^^^^^^^^^^^^^^^
  File "/home/airflow/.local/lib/python3.12/site-packages/airflow/cli/commands/task_command.py", line 483, in task_run
    task_return_code = _run_task_by_selected_method(args, _dag, ti)
                       ^^^^^^^^^^^^^^^^^^^^^^^^^^^^^^^^^^^^^^^^^^^^
  File "/home/airflow/.local/lib/python3.12/site-packages/airflow/cli/commands/task_command.py", line 256, in _run_task_by_selected_method
    return _run_raw_task(args, ti)
           ^^^^^^^^^^^^^^^^^^^^^^^
  File "/home/airflow/.local/lib/python3.12/site-packages/airflow/cli/commands/task_command.py", line 341, in _run_raw_task
    return ti._run_raw_task(
           ^^^^^^^^^^^^^^^^^
  File "/home/airflow/.local/lib/python3.12/site-packages/airflow/utils/session.py", line 97, in wrapper
    return func(*args, session=session, **kwargs)
           ^^^^^^^^^^^^^^^^^^^^^^^^^^^^^^^^^^^^^^
  File "/home/airflow/.local/lib/python3.12/site-packages/airflow/models/taskinstance.py", line 3005, in _run_raw_task
    return _run_raw_task(
           ^^^^^^^^^^^^^^
  File "/home/airflow/.local/lib/python3.12/site-packages/airflow/models/taskinstance.py", line 273, in _run_raw_task
    TaskInstance._execute_task_with_callbacks(
  File "/home/airflow/.local/lib/python3.12/site-packages/airflow/models/taskinstance.py", line 3159, in _execute_task_with_callbacks
    result = self._execute_task(context, task_orig)
             ^^^^^^^^^^^^^^^^^^^^^^^^^^^^^^^^^^^^^^
  File "/home/airflow/.local/lib/python3.12/site-packages/airflow/models/taskinstance.py", line 3183, in _execute_task
    return _execute_task(self, context, task_orig)
           ^^^^^^^^^^^^^^^^^^^^^^^^^^^^^^^^^^^^^^^
  File "/home/airflow/.local/lib/python3.12/site-packages/airflow/models/taskinstance.py", line 767, in _execute_task
    result = _execute_callable(context=context, **execute_callable_kwargs)
             ^^^^^^^^^^^^^^^^^^^^^^^^^^^^^^^^^^^^^^^^^^^^^^^^^^^^^^^^^^^^^
  File "/home/airflow/.local/lib/python3.12/site-packages/airflow/models/taskinstance.py", line 733, in _execute_callable
    return ExecutionCallableRunner(
           ^^^^^^^^^^^^^^^^^^^^^^^^
  File "/home/airflow/.local/lib/python3.12/site-packages/airflow/utils/operator_helpers.py", line 252, in run
    return self.func(*args, **kwargs)
           ^^^^^^^^^^^^^^^^^^^^^^^^^^
  File "/home/airflow/.local/lib/python3.12/site-packages/airflow/models/baseoperator.py", line 422, in wrapper
    return func(self, *args, **kwargs)
           ^^^^^^^^^^^^^^^^^^^^^^^^^^^
  File "/home/airflow/.local/lib/python3.12/site-packages/airflow/decorators/base.py", line 266, in execute
    return_value = super().execute(context)
                   ^^^^^^^^^^^^^^^^^^^^^^^^
  File "/home/airflow/.local/lib/python3.12/site-packages/airflow/models/baseoperator.py", line 422, in wrapper
    return func(self, *args, **kwargs)
           ^^^^^^^^^^^^^^^^^^^^^^^^^^^
  File "/home/airflow/.local/lib/python3.12/site-packages/airflow/operators/python.py", line 238, in execute
    return_value = self.execute_callable()
                   ^^^^^^^^^^^^^^^^^^^^^^^
  File "/home/airflow/.local/lib/python3.12/site-packages/airflow/operators/python.py", line 256, in execute_callable
    return runner.run(*self.op_args, **self.op_kwargs)
           ^^^^^^^^^^^^^^^^^^^^^^^^^^^^^^^^^^^^^^^^^^^
  File "/home/airflow/.local/lib/python3.12/site-packages/airflow/utils/operator_helpers.py", line 252, in run
    return self.func(*args, **kwargs)
           ^^^^^^^^^^^^^^^^^^^^^^^^^^
  File "/opt/airflow/dags/dag.py", line 61, in check_duplicates
    nb_duplicates = conn.sql("""
                    ^^^^^^^^^^^^
duckdb.duckdb.BinderException: Binder Error: Referenced column "station_code" not found in FROM clause!
Candidate bindings: "data_from_prim.stationCode", "data_from_prim.station_id", "data_from_prim.lon", "data_from_prim.rental_methods", "data_from_prim.capacity"
[2025-01-26T02:05:49.075+0000] {local_task_job_runner.py:266} INFO - Task exited with return code 1
[2025-01-26T02:05:49.092+0000] {taskinstance.py:3895} INFO - 0 downstream tasks scheduled from follow-on schedule check
[2025-01-26T02:05:49.094+0000] {local_task_job_runner.py:245} INFO - ::endgroup::
[2025-01-26T02:23:27.121+0000] {local_task_job_runner.py:123} INFO - ::group::Pre task execution logs
[2025-01-26T02:23:27.140+0000] {taskinstance.py:2613} INFO - Dependencies all met for dep_context=non-requeueable deps ti=<TaskInstance: prim_pipelines.check_duplicates scheduled__2025-01-25T00:00:00+00:00 [queued]>
[2025-01-26T02:23:27.151+0000] {taskinstance.py:2613} INFO - Dependencies all met for dep_context=requeueable deps ti=<TaskInstance: prim_pipelines.check_duplicates scheduled__2025-01-25T00:00:00+00:00 [queued]>
[2025-01-26T02:23:27.151+0000] {taskinstance.py:2866} INFO - Starting attempt 1 of 1
[2025-01-26T02:23:27.167+0000] {taskinstance.py:2889} INFO - Executing <Task(_PythonDecoratedOperator): check_duplicates> on 2025-01-25 00:00:00+00:00
[2025-01-26T02:23:27.174+0000] {warnings.py:112} WARNING - /home/***/.local/lib/python3.12/site-packages/***/task/task_runner/standard_task_runner.py:70: DeprecationWarning: This process (pid=859) is multi-threaded, use of fork() may lead to deadlocks in the child.
  pid = os.fork()

[2025-01-26T02:23:27.176+0000] {standard_task_runner.py:72} INFO - Started process 883 to run task
[2025-01-26T02:23:27.176+0000] {standard_task_runner.py:104} INFO - Running: ['***', 'tasks', 'run', 'prim_pipelines', 'check_duplicates', 'scheduled__2025-01-25T00:00:00+00:00', '--job-id', '46', '--raw', '--subdir', 'DAGS_FOLDER/dag.py', '--cfg-path', '/tmp/tmprlc_f9yt']
[2025-01-26T02:23:27.178+0000] {standard_task_runner.py:105} INFO - Job 46: Subtask check_duplicates
[2025-01-26T02:23:27.238+0000] {task_command.py:467} INFO - Running <TaskInstance: prim_pipelines.check_duplicates scheduled__2025-01-25T00:00:00+00:00 [running]> on host d9d6adeb4aac
[2025-01-26T02:23:27.367+0000] {taskinstance.py:3132} INFO - Exporting env vars: AIRFLOW_CTX_DAG_OWNER='***' AIRFLOW_CTX_DAG_ID='prim_pipelines' AIRFLOW_CTX_TASK_ID='check_duplicates' AIRFLOW_CTX_EXECUTION_DATE='2025-01-25T00:00:00+00:00' AIRFLOW_CTX_TRY_NUMBER='1' AIRFLOW_CTX_DAG_RUN_ID='scheduled__2025-01-25T00:00:00+00:00'
[2025-01-26T02:23:27.370+0000] {taskinstance.py:731} INFO - ::endgroup::
[2025-01-26T02:23:27.417+0000] {logging_mixin.py:190} INFO - Nombre de lignes dupliqu√©es = 1473
[2025-01-26T02:23:27.418+0000] {python.py:240} INFO - Done. Returned value was: None
[2025-01-26T02:23:27.431+0000] {taskinstance.py:340} INFO - ::group::Post task execution logs
[2025-01-26T02:23:27.432+0000] {taskinstance.py:352} INFO - Marking task as SUCCESS. dag_id=prim_pipelines, task_id=check_duplicates, run_id=scheduled__2025-01-25T00:00:00+00:00, execution_date=20250125T000000, start_date=20250126T022327, end_date=20250126T022327
[2025-01-26T02:23:27.471+0000] {local_task_job_runner.py:266} INFO - Task exited with return code 0
[2025-01-26T02:23:27.491+0000] {taskinstance.py:3895} INFO - 0 downstream tasks scheduled from follow-on schedule check
[2025-01-26T02:23:27.494+0000] {local_task_job_runner.py:245} INFO - ::endgroup::
